{"numFailedTestSuites":0,"numFailedTests":0,"numPassedTestSuites":1,"numPassedTests":3,"numPendingTestSuites":0,"numPendingTests":0,"numRuntimeErrorTestSuites":0,"numTodoTests":0,"numTotalTestSuites":1,"numTotalTests":3,"openHandles":[],"snapshot":{"added":0,"didUpdate":false,"failure":false,"filesAdded":0,"filesRemoved":0,"filesUnmatched":0,"filesUpdated":0,"matched":0,"total":0,"unchecked":0,"uncheckedKeysByFile":[],"unmatched":0,"updated":0},"startTime":1566046949879,"success":true,"testResults":[{"failureMessage":null,"numFailingTests":0,"numPassingTests":3,"numPendingTests":0,"numTodoTests":0,"perfStats":{"end":1566046955502,"start":1566046951467},"snapshot":{"added":0,"fileDeleted":false,"matched":0,"unchecked":0,"unmatched":0,"updated":0,"uncheckedKeys":[]},"testFilePath":"C:\\elevation\\week-10\\day1\\mobx1-lesson-exercises-ex-yuvals24\\.hg\\exercises\\ex-2.test.js","testResults":[{"ancestorTitles":["exercise 2"],"duration":14,"failureMessages":[],"fullName":"exercise 2 Each item should have a location property","location":null,"numPassingAsserts":0,"status":"passed","title":"Each item should have a location property"},{"ancestorTitles":["exercise 2"],"duration":3,"failureMessages":[],"fullName":"exercise 2 The location property should have a default value of \"Super Sell\"","location":null,"numPassingAsserts":0,"status":"passed","title":"The location property should have a default value of \"Super Sell\""},{"ancestorTitles":["exercise 2"],"duration":89,"failureMessages":[],"fullName":"exercise 2 the location should be rendered next to each item","location":null,"numPassingAsserts":0,"status":"passed","title":"the location should be rendered next to each item"}],"skipped":false,"leaks":false}],"wasInterrupted":false}